This is pdfTeX, Version 3.14159265-2.6-1.40.16 (TeX Live 2015) (preloaded format=pdflatex 2015.10.11)  25 APR 2017 16:40
entering extended mode
 restricted \write18 enabled.
 %&-line parsing enabled.
**main
(./main.tex
LaTeX2e <2015/01/01>
Babel <3.9l> and hyphenation patterns for 79 languages loaded.
(./mitthesis.cls
Document Class: mitthesis 1999/10/20
\vithesis=\count79
Course VI/VIII thesis style.
(/usr/local/texlive/2015/texmf-dist/tex/latex/base/report.cls
Document Class: report 2014/09/29 v1.4h Standard LaTeX document class
(/usr/local/texlive/2015/texmf-dist/tex/latex/base/size12.clo
File: size12.clo 2014/09/29 v1.4h Standard LaTeX file (size option)
)
\c@part=\count80
\c@chapter=\count81
\c@section=\count82
\c@subsection=\count83
\c@subsubsection=\count84
\c@paragraph=\count85
\c@subparagraph=\count86
\c@figure=\count87
\c@table=\count88
\abovecaptionskip=\skip41
\belowcaptionskip=\skip42
\bibindent=\dimen102
)
(/usr/local/texlive/2015/texmf-dist/tex/latex/setspace/setspace.sty
Package: setspace 2011/12/19 v6.7a set line spacing
)
Copyright given to author, permission to copy/distribute given to MIT.
\@titlesupervisor=\box26
\@abstractsupervisor=\box27
\c@savepage=\count89
)
\@input{header.aux}
\openout2 = `header.aux'.

(./header.tex (/usr/local/texlive/2015/texmf-dist/tex/latex/url/url.sty
\Urlmuskip=\muskip10
Package: url 2013/09/16  ver 3.4  Verb mode for urls, etc.
)
(/usr/local/texlive/2015/texmf-dist/tex/latex/base/textcomp.sty
Package: textcomp 2005/09/27 v1.99g Standard LaTeX package
Package textcomp Info: Sub-encoding information:
(textcomp)               5 = only ISO-Adobe without \textcurrency
(textcomp)               4 = 5 + \texteuro
(textcomp)               3 = 4 + \textohm
(textcomp)               2 = 3 + \textestimated + \textcurrency
(textcomp)               1 = TS1 - \textcircled - \t
(textcomp)               0 = TS1 (full)
(textcomp)             Font families with sub-encoding setting implement
(textcomp)             only a restricted character set as indicated.
(textcomp)             Family '?' is the default used for unknown fonts.
(textcomp)             See the documentation for details.
Package textcomp Info: Setting ? sub-encoding to TS1/1 on input line 79.

(/usr/local/texlive/2015/texmf-dist/tex/latex/base/ts1enc.def
File: ts1enc.def 2001/06/05 v3.0e (jk/car/fm) Standard LaTeX file
)
LaTeX Info: Redefining \oldstylenums on input line 334.
Package textcomp Info: Setting cmr sub-encoding to TS1/0 on input line 349.
Package textcomp Info: Setting cmss sub-encoding to TS1/0 on input line 350.
Package textcomp Info: Setting cmtt sub-encoding to TS1/0 on input line 351.
Package textcomp Info: Setting cmvtt sub-encoding to TS1/0 on input line 352.
Package textcomp Info: Setting cmbr sub-encoding to TS1/0 on input line 353.
Package textcomp Info: Setting cmtl sub-encoding to TS1/0 on input line 354.
Package textcomp Info: Setting ccr sub-encoding to TS1/0 on input line 355.
Package textcomp Info: Setting ptm sub-encoding to TS1/4 on input line 356.
Package textcomp Info: Setting pcr sub-encoding to TS1/4 on input line 357.
Package textcomp Info: Setting phv sub-encoding to TS1/4 on input line 358.
Package textcomp Info: Setting ppl sub-encoding to TS1/3 on input line 359.
Package textcomp Info: Setting pag sub-encoding to TS1/4 on input line 360.
Package textcomp Info: Setting pbk sub-encoding to TS1/4 on input line 361.
Package textcomp Info: Setting pnc sub-encoding to TS1/4 on input line 362.
Package textcomp Info: Setting pzc sub-encoding to TS1/4 on input line 363.
Package textcomp Info: Setting bch sub-encoding to TS1/4 on input line 364.
Package textcomp Info: Setting put sub-encoding to TS1/5 on input line 365.
Package textcomp Info: Setting uag sub-encoding to TS1/5 on input line 366.
Package textcomp Info: Setting ugq sub-encoding to TS1/5 on input line 367.
Package textcomp Info: Setting ul8 sub-encoding to TS1/4 on input line 368.
Package textcomp Info: Setting ul9 sub-encoding to TS1/4 on input line 369.
Package textcomp Info: Setting augie sub-encoding to TS1/5 on input line 370.
Package textcomp Info: Setting dayrom sub-encoding to TS1/3 on input line 371.
Package textcomp Info: Setting dayroms sub-encoding to TS1/3 on input line 372.

Package textcomp Info: Setting pxr sub-encoding to TS1/0 on input line 373.
Package textcomp Info: Setting pxss sub-encoding to TS1/0 on input line 374.
Package textcomp Info: Setting pxtt sub-encoding to TS1/0 on input line 375.
Package textcomp Info: Setting txr sub-encoding to TS1/0 on input line 376.
Package textcomp Info: Setting txss sub-encoding to TS1/0 on input line 377.
Package textcomp Info: Setting txtt sub-encoding to TS1/0 on input line 378.
Package textcomp Info: Setting lmr sub-encoding to TS1/0 on input line 379.
Package textcomp Info: Setting lmdh sub-encoding to TS1/0 on input line 380.
Package textcomp Info: Setting lmss sub-encoding to TS1/0 on input line 381.
Package textcomp Info: Setting lmssq sub-encoding to TS1/0 on input line 382.
Package textcomp Info: Setting lmvtt sub-encoding to TS1/0 on input line 383.
Package textcomp Info: Setting lmtt sub-encoding to TS1/0 on input line 384.
Package textcomp Info: Setting qhv sub-encoding to TS1/0 on input line 385.
Package textcomp Info: Setting qag sub-encoding to TS1/0 on input line 386.
Package textcomp Info: Setting qbk sub-encoding to TS1/0 on input line 387.
Package textcomp Info: Setting qcr sub-encoding to TS1/0 on input line 388.
Package textcomp Info: Setting qcs sub-encoding to TS1/0 on input line 389.
Package textcomp Info: Setting qpl sub-encoding to TS1/0 on input line 390.
Package textcomp Info: Setting qtm sub-encoding to TS1/0 on input line 391.
Package textcomp Info: Setting qzc sub-encoding to TS1/0 on input line 392.
Package textcomp Info: Setting qhvc sub-encoding to TS1/0 on input line 393.
Package textcomp Info: Setting futs sub-encoding to TS1/4 on input line 394.
Package textcomp Info: Setting futx sub-encoding to TS1/4 on input line 395.
Package textcomp Info: Setting futj sub-encoding to TS1/4 on input line 396.
Package textcomp Info: Setting hlh sub-encoding to TS1/3 on input line 397.
Package textcomp Info: Setting hls sub-encoding to TS1/3 on input line 398.
Package textcomp Info: Setting hlst sub-encoding to TS1/3 on input line 399.
Package textcomp Info: Setting hlct sub-encoding to TS1/5 on input line 400.
Package textcomp Info: Setting hlx sub-encoding to TS1/5 on input line 401.
Package textcomp Info: Setting hlce sub-encoding to TS1/5 on input line 402.
Package textcomp Info: Setting hlcn sub-encoding to TS1/5 on input line 403.
Package textcomp Info: Setting hlcw sub-encoding to TS1/5 on input line 404.
Package textcomp Info: Setting hlcf sub-encoding to TS1/5 on input line 405.
Package textcomp Info: Setting pplx sub-encoding to TS1/3 on input line 406.
Package textcomp Info: Setting pplj sub-encoding to TS1/3 on input line 407.
Package textcomp Info: Setting ptmx sub-encoding to TS1/4 on input line 408.
Package textcomp Info: Setting ptmj sub-encoding to TS1/4 on input line 409.
)
(/usr/local/texlive/2015/texmf-dist/tex/latex/tools/verbatim.sty
Package: verbatim 2014/10/28 v1.5q LaTeX2e package for verbatim enhancements
\every@verbatim=\toks14
\verbatim@line=\toks15
\verbatim@in@stream=\read1
)
(/usr/local/texlive/2015/texmf-dist/tex/latex/amsmath/amsmath.sty
Package: amsmath 2013/01/14 v2.14 AMS math features
\@mathmargin=\skip43

For additional information on amsmath, use the `?' option.
(/usr/local/texlive/2015/texmf-dist/tex/latex/amsmath/amstext.sty
Package: amstext 2000/06/29 v2.01

(/usr/local/texlive/2015/texmf-dist/tex/latex/amsmath/amsgen.sty
File: amsgen.sty 1999/11/30 v2.0
\@emptytoks=\toks16
\ex@=\dimen103
))
(/usr/local/texlive/2015/texmf-dist/tex/latex/amsmath/amsbsy.sty
Package: amsbsy 1999/11/29 v1.2d
\pmbraise@=\dimen104
)
(/usr/local/texlive/2015/texmf-dist/tex/latex/amsmath/amsopn.sty
Package: amsopn 1999/12/14 v2.01 operator names
)
\inf@bad=\count90
LaTeX Info: Redefining \frac on input line 210.
\uproot@=\count91
\leftroot@=\count92
LaTeX Info: Redefining \overline on input line 306.
\classnum@=\count93
\DOTSCASE@=\count94
LaTeX Info: Redefining \ldots on input line 378.
LaTeX Info: Redefining \dots on input line 381.
LaTeX Info: Redefining \cdots on input line 466.
\Mathstrutbox@=\box28
\strutbox@=\box29
\big@size=\dimen105
LaTeX Font Info:    Redeclaring font encoding OML on input line 566.
LaTeX Font Info:    Redeclaring font encoding OMS on input line 567.
\macc@depth=\count95
\c@MaxMatrixCols=\count96
\dotsspace@=\muskip11
\c@parentequation=\count97
\dspbrk@lvl=\count98
\tag@help=\toks17
\row@=\count99
\column@=\count100
\maxfields@=\count101
\andhelp@=\toks18
\eqnshift@=\dimen106
\alignsep@=\dimen107
\tagshift@=\dimen108
\tagwidth@=\dimen109
\totwidth@=\dimen110
\lineht@=\dimen111
\@envbody=\toks19
\multlinegap=\skip44
\multlinetaggap=\skip45
\mathdisplay@stack=\toks20
LaTeX Info: Redefining \[ on input line 2665.
LaTeX Info: Redefining \] on input line 2666.
)
(/usr/local/texlive/2015/texmf-dist/tex/latex/units/nicefrac.sty
Package: nicefrac 1998/08/04 v0.9b Nice fractions
\L@UnitsRaiseDisplaystyle=\skip46
\L@UnitsRaiseTextstyle=\skip47
\L@UnitsRaiseScriptstyle=\skip48

(/usr/local/texlive/2015/texmf-dist/tex/latex/base/ifthen.sty
Package: ifthen 2014/09/29 v1.1c Standard LaTeX ifthen package (DPC)
))
(/usr/local/texlive/2015/texmf-dist/tex/latex/jknapltx/mathrsfs.sty
Package: mathrsfs 1996/01/01 Math RSFS package v1.0 (jk)
\symrsfs=\mathgroup4
)
(/usr/local/texlive/2015/texmf-dist/tex/latex/program/program.sty
\@gtempa=\dimen112
\@gtempa=\dimen113
\@gtempa=\dimen114
\@gtempa=\dimen115
\@gtempa=\dimen116
\@gtempa=\dimen117
\@gtempa=\dimen118
\@gtempa=\dimen119
\@gtempa=\dimen120
\@gtempa=\dimen121
\@gtempa=\dimen122
\@gtempa=\dimen123
\@gtempa=\dimen124
\@gtempa=\dimen125
\@gtempa=\dimen126
\@gtempa=\dimen127
\@gtempa=\dimen128
\@gtempa=\dimen129
\@gtempa=\dimen130
\@gtempa=\dimen131
\@gtempa=\dimen132
\@gtempa=\dimen133
\@gtempa=\dimen134
\@gtempa=\dimen135
\@gtempa=\dimen136
\@gtempa=\dimen137
\@gtempa=\dimen138
\@gtempa=\dimen139
\@gtempa=\dimen140
\@gtempa=\dimen141
\@gtempa=\dimen142
\@gtempa=\dimen143
\@gtempa=\dimen144
\@gtempa=\dimen145
\@gtempa=\dimen146
\@gtempa=\dimen147
\@gtempa=\dimen148
\@gtempa=\dimen149
\@gtempa=\dimen150
\@gtempa=\dimen151
\@gtempa=\dimen152
\@gtempa=\dimen153
\@gtempa=\dimen154
\@gtempa=\dimen155
\@gtempa=\dimen156
\@gtempa=\dimen157
\@gtempa=\dimen158
\@gtempa=\dimen159
\@gtempa=\dimen160
\@gtempa=\dimen161
\c@programline=\count102
\old@nxttabmar=\count103
\symeulerletters=\mathgroup5
\powersetbox=\box30
LaTeX Font Info:    Try loading font information for U+rsfs on input line 839.

(/usr/local/texlive/2015/texmf-dist/tex/latex/jknapltx/ursfs.fd
File: ursfs.fd 1998/03/24 rsfs font definition file (jk)
)
LaTeX Font Info:    Try loading font information for U+eur on input line 839.

(/usr/local/texlive/2015/texmf-dist/tex/latex/amsfonts/ueur.fd
File: ueur.fd 2013/01/14 v3.01 Euler Roman
))
(/usr/local/texlive/2015/texmf-dist/tex/latex/base/newlfont.sty
Package: newlfont 1998/08/17 v2.2m Standard LaTeX package
LaTeX Info: Redefining \em on input line 72.

(/usr/local/texlive/2015/texmf-dist/tex/latex/base/latexsym.sty
Package: latexsym 1998/08/17 v2.2e Standard LaTeX package (lasy symbols)
\symlasy=\mathgroup6
LaTeX Font Info:    Overwriting symbol font `lasy' in version `bold'
(Font)                  U/lasy/m/n --> U/lasy/b/n on input line 52.
))
(/usr/local/texlive/2015/texmf-dist/tex/latex/rotating/rotating.sty
Package: rotating 2009/03/28 v2.16a rotated objects in LaTeX

(/usr/local/texlive/2015/texmf-dist/tex/latex/graphics/graphicx.sty
Package: graphicx 2014/10/28 v1.0g Enhanced LaTeX Graphics (DPC,SPQR)

(/usr/local/texlive/2015/texmf-dist/tex/latex/graphics/keyval.sty
Package: keyval 2014/10/28 v1.15 key=value parser (DPC)
\KV@toks@=\toks21
)
(/usr/local/texlive/2015/texmf-dist/tex/latex/graphics/graphics.sty
Package: graphics 2014/10/28 v1.0p Standard LaTeX Graphics (DPC,SPQR)

(/usr/local/texlive/2015/texmf-dist/tex/latex/graphics/trig.sty
Package: trig 1999/03/16 v1.09 sin cos tan (DPC)
)
(/usr/local/texlive/2015/texmf-dist/tex/latex/latexconfig/graphics.cfg
File: graphics.cfg 2010/04/23 v1.9 graphics configuration of TeX Live
)
Package graphics Info: Driver file: pdftex.def on input line 94.

(/usr/local/texlive/2015/texmf-dist/tex/latex/pdftex-def/pdftex.def
File: pdftex.def 2011/05/27 v0.06d Graphics/color for pdfTeX

(/usr/local/texlive/2015/texmf-dist/tex/generic/oberdiek/infwarerr.sty
Package: infwarerr 2010/04/08 v1.3 Providing info/warning/error messages (HO)
)
(/usr/local/texlive/2015/texmf-dist/tex/generic/oberdiek/ltxcmds.sty
Package: ltxcmds 2011/11/09 v1.22 LaTeX kernel commands for general use (HO)
)
\Gread@gobject=\count104
))
\Gin@req@height=\dimen162
\Gin@req@width=\dimen163
)
\c@r@tfl@t=\count105
\rotFPtop=\skip49
\rotFPbot=\skip50
\rot@float@box=\box31
\rot@mess@toks=\toks22
)
(/usr/local/texlive/2015/texmf-dist/tex/latex/tools/varioref.sty
Package: varioref 2014/10/28 v1.5a package for extended references (FMi)
\c@vrcnt=\count106
)
(/usr/local/texlive/2015/texmf-dist/tex/latex/base/makeidx.sty
Package: makeidx 2014/09/29 v1.0m Standard LaTeX package
) (./import.sty)
(/usr/local/texlive/2015/texmf-dist/tex/latex/subfigure/subfigure.sty
Package: subfigure 2002/03/15 v2.1.5 subfigure package
\subfigtopskip=\skip51
\subfigcapskip=\skip52
\subfigcaptopadj=\dimen164
\subfigbottomskip=\skip53
\subfigcapmargin=\dimen165
\subfiglabelskip=\skip54
\c@subfigure=\count107
\c@lofdepth=\count108
\c@subtable=\count109
\c@lotdepth=\count110

****************************************
* Local config file subfigure.cfg used *
****************************************
(/usr/local/texlive/2015/texmf-dist/tex/latex/subfigure/subfigure.cfg)
\subfig@top=\skip55
\subfig@bottom=\skip56
)
(/usr/local/texlive/2015/texmf-dist/tex/latex/colortbl/colortbl.sty
Package: colortbl 2012/02/13 v1.0a Color table columns (DPC)

(/usr/local/texlive/2015/texmf-dist/tex/latex/tools/array.sty
Package: array 2014/10/28 v2.4c Tabular extension package (FMi)
\col@sep=\dimen166
\extrarowheight=\dimen167
\NC@list=\toks23
\extratabsurround=\skip57
\backup@length=\skip58
)
(/usr/local/texlive/2015/texmf-dist/tex/latex/graphics/color.sty
Package: color 2014/10/28 v1.1a Standard LaTeX Color (DPC)

(/usr/local/texlive/2015/texmf-dist/tex/latex/latexconfig/color.cfg
File: color.cfg 2007/01/18 v1.5 color configuration of teTeX/TeXLive
)
Package color Info: Driver file: pdftex.def on input line 142.
)
\everycr=\toks24
\minrowclearance=\skip59
)
(/Users/Maxime/Library/texmf/tex/latex/MnSymbol/MnSymbol.sty
Package: MnSymbol 2007/01/21 v1.4 support for the MnSymbol font

(/usr/local/texlive/2015/texmf-dist/tex/latex/amsfonts/eufrak.sty
Package: eufrak 2009/06/22 v3.00 Euler Fraktur fonts
LaTeX Font Info:    Overwriting math alphabet `\EuFrak' in version `bold'
(Font)                  U/euf/m/n --> U/euf/b/n on input line 39.
)
LaTeX Info: Redefining \dagger on input line 84.
LaTeX Info: Redefining \ddagger on input line 84.
LaTeX Info: Redefining \mathparagraph on input line 84.
LaTeX Info: Redefining \mathsection on input line 84.
LaTeX Info: Redefining \mathdollar on input line 84.
LaTeX Info: Redefining \mathsterling on input line 84.
LaTeX Info: Redefining \Re on input line 84.
LaTeX Info: Redefining \Im on input line 84.
\symMnSyA=\mathgroup7
\symMnSyB=\mathgroup8
\symMnSyC=\mathgroup9
\symMnSyD=\mathgroup10
LaTeX Font Info:    Redeclaring symbol font `largesymbols' on input line 119.
LaTeX Font Info:    Overwriting symbol font `largesymbols' in version `normal'
(Font)                  OMX/cmex/m/n --> OMX/MnSymbolE/m/n on input line 119.
LaTeX Font Info:    Overwriting symbol font `largesymbols' in version `bold'
(Font)                  OMX/cmex/m/n --> OMX/MnSymbolE/m/n on input line 119.
LaTeX Font Info:    Redeclaring symbol font `symbols' on input line 120.
LaTeX Font Info:    Encoding `OMS' has changed to `U' for symbol font
(Font)              `symbols' in the math version `normal' on input line 120.
LaTeX Font Info:    Overwriting symbol font `symbols' in version `normal'
(Font)                  OMS/cmsy/m/n --> U/MnSymbolF/m/n on input line 120.
LaTeX Font Info:    Encoding `OMS' has changed to `U' for symbol font
(Font)              `symbols' in the math version `bold' on input line 120.
LaTeX Font Info:    Overwriting symbol font `symbols' in version `bold'
(Font)                  OMS/cmsy/b/n --> U/MnSymbolF/m/n on input line 120.
LaTeX Font Info:    Overwriting symbol font `MnSyA' in version `bold'
(Font)                  U/MnSymbolA/m/n --> U/MnSymbolA/b/n on input line 121.
LaTeX Font Info:    Overwriting symbol font `MnSyB' in version `bold'
(Font)                  U/MnSymbolB/m/n --> U/MnSymbolB/b/n on input line 122.
LaTeX Font Info:    Overwriting symbol font `MnSyC' in version `bold'
(Font)                  U/MnSymbolC/m/n --> U/MnSymbolC/b/n on input line 123.
LaTeX Font Info:    Overwriting symbol font `MnSyD' in version `bold'
(Font)                  U/MnSymbolD/m/n --> U/MnSymbolD/b/n on input line 124.
LaTeX Font Info:    Overwriting symbol font `largesymbols' in version `bold'
(Font)                  OMX/MnSymbolE/m/n --> OMX/MnSymbolE/b/n on input line 1
25.
LaTeX Font Info:    Overwriting symbol font `symbols' in version `bold'
(Font)                  U/MnSymbolF/m/n --> U/MnSymbolF/b/n on input line 126.
LaTeX Font Info:    Redeclaring math alphabet \mathcal on input line 241.
LaTeX Font Info:    Overwriting math alphabet `\mathcal' in version `bold'
(Font)                  OMS/MnSymbolS/m/n --> OMS/MnSymbolS/b/n on input line 2
41.
LaTeX Info: Redefining \longrightarrow on input line 548.
LaTeX Info: Redefining \longleftarrow on input line 549.
LaTeX Info: Redefining \longleftrightarrow on input line 550.
LaTeX Info: Redefining \Longrightarrow on input line 551.
LaTeX Info: Redefining \Longleftarrow on input line 552.
LaTeX Info: Redefining \Longleftrightarrow on input line 553.
LaTeX Info: Redefining \longmapsto on input line 554.
LaTeX Info: Redefining \vdots on input line 868.
LaTeX Font Info:    Redeclaring math symbol \braceld on input line 1721.
LaTeX Font Info:    Redeclaring math symbol \bracelu on input line 1722.
LaTeX Font Info:    Redeclaring math symbol \bracerd on input line 1723.
LaTeX Font Info:    Redeclaring math symbol \braceru on input line 1724.
LaTeX Info: Redefining \downbracefill on input line 1799.
LaTeX Info: Redefining \upbracefill on input line 1800.
LaTeX Info: Redefining \overbrace on input line 1819.
LaTeX Info: Redefining \underbrace on input line 1820.
LaTeX Info: Redefining \surd on input line 1843.
LaTeX Font Info:    Redeclaring math accent \widehat on input line 1845.
LaTeX Font Info:    Redeclaring math accent \widetilde on input line 1846.
LaTeX Font Info:    Redeclaring math accent \vec on input line 1848.
)
(/Users/Maxime/Library/texmf/tex/latex/MinionPro/MinionPro.sty
Package: MinionPro 2007/03/15 v2.1 MinionPro support for LaTeX

(/Users/Maxime/Library/texmf/tex/latex/MinionPro/MinionPro-FontDef.sty
File: MinionPro-FontDef.sty 2007/02/01 v2.2 font definition macros

(/Users/Maxime/Library/texmf/tex/latex/MinionPro/otfontdef.sty
Package: otfontdef 2005/06/04 v0.1e OpenType font definition
)
\Mn@option@normalsize=\dimen168
Package MinionPro-FontDef Info: Configuration: smallfamily, noopticals, normals
ize=12.0pt on input line 52.
\Mn@config@cnt=\count111
\Mn@fontdimen=\dimen169
)
LaTeX Font Info:    Redeclaring symbol font `operators' on input line 163.
LaTeX Font Info:    Encoding `OT1' has changed to `T1' for symbol font
(Font)              `operators' in the math version `normal' on input line 163.

LaTeX Font Info:    Overwriting symbol font `operators' in version `normal'
(Font)                  OT1/cmr/m/n --> T1/MinionPro-LF/m/n on input line 163.
LaTeX Font Info:    Encoding `OT1' has changed to `T1' for symbol font
(Font)              `operators' in the math version `bold' on input line 163.
LaTeX Font Info:    Overwriting symbol font `operators' in version `bold'
(Font)                  OT1/cmr/bx/n --> T1/MinionPro-LF/m/n on input line 163.

LaTeX Font Info:    Redeclaring symbol font `letters' on input line 164.
LaTeX Font Info:    Overwriting symbol font `letters' in version `normal'
(Font)                  OML/cmm/m/it --> OML/MinionPro-TOsF/m/it on input line 
164.
LaTeX Font Info:    Overwriting symbol font `letters' in version `bold'
(Font)                  OML/cmm/b/it --> OML/MinionPro-TOsF/m/it on input line 
164.
LaTeX Font Info:    Overwriting symbol font `operators' in version `bold'
(Font)                  T1/MinionPro-LF/m/n --> T1/MinionPro-LF/eb/n on input l
ine 165.
LaTeX Font Info:    Overwriting symbol font `letters' in version `bold'
(Font)                  OML/MinionPro-TOsF/m/it --> OML/MinionPro-TOsF/eb/it on
 input line 166.
LaTeX Font Info:    Redeclaring math alphabet \mathbf on input line 167.
LaTeX Font Info:    Overwriting math alphabet `\mathbf' in version `normal'
(Font)                  OT1/cmr/bx/n --> T1/MinionPro-LF/eb/n on input line 167
.
LaTeX Font Info:    Overwriting math alphabet `\mathbf' in version `bold'
(Font)                  OT1/cmr/bx/n --> T1/MinionPro-LF/eb/n on input line 167
.
LaTeX Font Info:    Redeclaring math alphabet \mathit on input line 168.
LaTeX Font Info:    Overwriting math alphabet `\mathit' in version `normal'
(Font)                  OT1/cmr/m/it --> T1/MinionPro-LF/m/it on input line 168
.
LaTeX Font Info:    Overwriting math alphabet `\mathit' in version `bold'
(Font)                  OT1/cmr/bx/it --> T1/MinionPro-LF/m/it on input line 16
8.
LaTeX Font Info:    Overwriting math alphabet `\mathit' in version `bold'
(Font)                  T1/MinionPro-LF/m/it --> T1/MinionPro-LF/eb/it on input
 line 169.
\c@mv@tabular=\count112
LaTeX Font Info:    Overwriting symbol font `operators' in version `tabular'
(Font)                  T1/MinionPro-LF/m/n --> T1/MinionPro-TLF/m/n on input l
ine 171.
LaTeX Font Info:    Overwriting symbol font `letters' in version `tabular'
(Font)                  OML/MinionPro-TOsF/m/it --> OML/MinionPro-TOsF/m/it on 
input line 172.
LaTeX Font Info:    Overwriting math alphabet `\mathit' in version `tabular'
(Font)                  OT1/cmr/m/it --> T1/MinionPro-TLF/m/it on input line 17
3.
\c@mv@boldtabular=\count113
LaTeX Font Info:    Overwriting symbol font `operators' in version `boldtabular
'
(Font)                  T1/MinionPro-LF/m/n --> T1/MinionPro-TLF/eb/n on input 
line 176.
LaTeX Font Info:    Overwriting symbol font `letters' in version `boldtabular'
(Font)                  OML/MinionPro-TOsF/m/it --> OML/MinionPro-TOsF/eb/it on
 input line 177.
LaTeX Font Info:    Overwriting math alphabet `\mathit' in version `boldtabular
'
(Font)                  OT1/cmr/m/it --> T1/MinionPro-TLF/eb/it on input line 1
78.
LaTeX Font Info:    Redeclaring math accent \grave on input line 179.
LaTeX Font Info:    Redeclaring math accent \acute on input line 180.
LaTeX Font Info:    Redeclaring math accent \hat on input line 181.
LaTeX Font Info:    Redeclaring math accent \tilde on input line 182.
LaTeX Font Info:    Redeclaring math accent \ddot on input line 183.
LaTeX Font Info:    Redeclaring math accent \mathring on input line 184.
LaTeX Font Info:    Redeclaring math accent \check on input line 185.
LaTeX Font Info:    Redeclaring math accent \breve on input line 186.
LaTeX Font Info:    Redeclaring math accent \bar on input line 187.
LaTeX Font Info:    Redeclaring math accent \dot on input line 188.

(/Users/Maxime/Library/texmf/tex/latex/MinionPro/fontaxes.sty
Package: fontaxes 2007/03/31 v0.2b Font selection axes
LaTeX Info: Redefining \upshape on input line 26.
LaTeX Info: Redefining \itshape on input line 28.
LaTeX Info: Redefining \slshape on input line 30.
LaTeX Info: Redefining \scshape on input line 34.
)
LaTeX Font Info:    Redeclaring math symbol \partial on input line 499.
LaTeX Font Info:    Redeclaring math symbol \ell on input line 501.
Package textcomp Info: Setting MinionPro-LF sub-encoding to TS1/1 on input line
 521.
Package textcomp Info: Setting MinionPro-TLF sub-encoding to TS1/1 on input lin
e 522.
Package textcomp Info: Setting MinionPro-OsF sub-encoding to TS1/1 on input lin
e 523.
Package textcomp Info: Setting MinionPro-TOsF sub-encoding to TS1/1 on input li
ne 524.
LaTeX Font Info:    Redeclaring symbol font `symbols' on input line 589.
LaTeX Font Info:    Overwriting symbol font `symbols' in version `normal'
(Font)                  U/MnSymbolF/m/n --> U/MnSymbolFI/m/it on input line 589
.
LaTeX Font Info:    Overwriting symbol font `symbols' in version `bold'
(Font)                  U/MnSymbolF/b/n --> U/MnSymbolFI/m/it on input line 589
.
LaTeX Font Info:    Overwriting symbol font `symbols' in version `tabular'
(Font)                  U/MnSymbolF/m/n --> U/MnSymbolFI/m/it on input line 589
.
LaTeX Font Info:    Overwriting symbol font `symbols' in version `boldtabular'
(Font)                  U/MnSymbolF/m/n --> U/MnSymbolFI/m/it on input line 589
.
LaTeX Font Info:    Overwriting symbol font `symbols' in version `bold'
(Font)                  U/MnSymbolFI/m/it --> U/MnSymbolFI/b/it on input line 5
89.
LaTeX Font Info:    Redeclaring math symbol \tint on input line 589.
LaTeX Font Info:    Redeclaring math symbol \tiint on input line 589.
LaTeX Font Info:    Redeclaring math symbol \tiiint on input line 589.
LaTeX Font Info:    Redeclaring math symbol \tiiiint on input line 589.
LaTeX Font Info:    Redeclaring math symbol \tidotsint on input line 589.
LaTeX Font Info:    Redeclaring math symbol \tlandupint on input line 589.
LaTeX Font Info:    Redeclaring math symbol \tlanddownint on input line 589.
LaTeX Font Info:    Redeclaring math symbol \tstrokedint on input line 589.
LaTeX Font Info:    Redeclaring math symbol \toint on input line 589.
LaTeX Font Info:    Redeclaring math symbol \toiint on input line 589.
LaTeX Font Info:    Redeclaring math symbol \trcirclerightint on input line 589
.
LaTeX Font Info:    Redeclaring math symbol \tlcirclerightint on input line 589
.
LaTeX Font Info:    Redeclaring math symbol \trcircleleftint on input line 589.

LaTeX Font Info:    Redeclaring math symbol \tlcircleleftint on input line 589.

LaTeX Font Info:    Redeclaring math symbol \tsumint on input line 589.
LaTeX Info: Redefining \LaTeX on input line 596.
LaTeX Font Info:    Try loading font information for OT1+MinionPro-LF on input 
line 628.

(/Users/Maxime/Library/texmf/tex/latex/MinionPro/ot1minionpro-lf.fd
File: OT1MinionPro-LF.fd 2005/01/23 v2.0 font definitions for OT1/MinionPro-LF.


(/Users/Maxime/Library/texmf/tex/latex/MinionPro/MinionPro-FontDef.sty
File: MinionPro-FontDef.sty 2007/02/01 v2.2 font definition macros
)))
(/usr/local/texlive/2015/texmf-dist/tex/latex/base/fontenc.sty
Package: fontenc 2005/09/27 v1.99g Standard LaTeX package

(/usr/local/texlive/2015/texmf-dist/tex/latex/base/t1enc.def
File: t1enc.def 2005/09/27 v1.99g Standard LaTeX file
LaTeX Font Info:    Redeclaring font encoding T1 on input line 48.
)
LaTeX Font Info:    Try loading font information for T1+MinionPro-LF on input l
ine 105.

(/Users/Maxime/Library/texmf/tex/latex/MinionPro/t1minionpro-lf.fd
File: T1MinionPro-LF.fd 2005/01/23 v2.0 font definitions for T1/MinionPro-LF.

(/Users/Maxime/Library/texmf/tex/latex/MinionPro/MinionPro-FontDef.sty
File: MinionPro-FontDef.sty 2007/02/01 v2.2 font definition macros
)))
(/usr/local/texlive/2015/texmf-dist/tex/latex/natbib/natbib.sty
Package: natbib 2010/09/13 8.31b (PWD, AO)
\bibhang=\skip60
\bibsep=\skip61
LaTeX Info: Redefining \cite on input line 694.
\c@NAT@ctr=\count114
)
(/usr/local/texlive/2015/texmf-dist/tex/latex/cite/chapterbib.sty
\c@inputfile=\count115
Package: chapterbib 2010/09/18  v 1.17
)
(/usr/local/texlive/2015/texmf-dist/tex/latex/hyperref/hyperref.sty
Package: hyperref 2012/11/06 v6.83m Hypertext links for LaTeX

(/usr/local/texlive/2015/texmf-dist/tex/generic/oberdiek/hobsub-hyperref.sty
Package: hobsub-hyperref 2012/05/28 v1.13 Bundle oberdiek, subset hyperref (HO)


(/usr/local/texlive/2015/texmf-dist/tex/generic/oberdiek/hobsub-generic.sty
Package: hobsub-generic 2012/05/28 v1.13 Bundle oberdiek, subset generic (HO)
Package: hobsub 2012/05/28 v1.13 Construct package bundles (HO)
Package hobsub Info: Skipping package `infwarerr' (already loaded).
Package hobsub Info: Skipping package `ltxcmds' (already loaded).
Package: ifluatex 2010/03/01 v1.3 Provides the ifluatex switch (HO)
Package ifluatex Info: LuaTeX not detected.
Package: ifvtex 2010/03/01 v1.5 Detect VTeX and its facilities (HO)
Package ifvtex Info: VTeX not detected.
Package: intcalc 2007/09/27 v1.1 Expandable calculations with integers (HO)
Package: ifpdf 2011/01/30 v2.3 Provides the ifpdf switch (HO)
Package ifpdf Info: pdfTeX in PDF mode is detected.
Package: etexcmds 2011/02/16 v1.5 Avoid name clashes with e-TeX commands (HO)
Package etexcmds Info: Could not find \expanded.
(etexcmds)             That can mean that you are not using pdfTeX 1.50 or
(etexcmds)             that some package has redefined \expanded.
(etexcmds)             In the latter case, load this package earlier.
Package: kvsetkeys 2012/04/25 v1.16 Key value parser (HO)
Package: kvdefinekeys 2011/04/07 v1.3 Define keys (HO)
Package: pdftexcmds 2011/11/29 v0.20 Utility functions of pdfTeX for LuaTeX (HO
)
Package pdftexcmds Info: LuaTeX not detected.
Package pdftexcmds Info: \pdf@primitive is available.
Package pdftexcmds Info: \pdf@ifprimitive is available.
Package pdftexcmds Info: \pdfdraftmode found.
Package: pdfescape 2011/11/25 v1.13 Implements pdfTeX's escape features (HO)
Package: bigintcalc 2012/04/08 v1.3 Expandable calculations on big integers (HO
)
Package: bitset 2011/01/30 v1.1 Handle bit-vector datatype (HO)
Package: uniquecounter 2011/01/30 v1.2 Provide unlimited unique counter (HO)
)
Package hobsub Info: Skipping package `hobsub' (already loaded).
Package: letltxmacro 2010/09/02 v1.4 Let assignment for LaTeX macros (HO)
Package: hopatch 2012/05/28 v1.2 Wrapper for package hooks (HO)
Package: xcolor-patch 2011/01/30 xcolor patch
Package: atveryend 2011/06/30 v1.8 Hooks at the very end of document (HO)
Package atveryend Info: \enddocument detected (standard20110627).
Package: atbegshi 2011/10/05 v1.16 At begin shipout hook (HO)
Package: refcount 2011/10/16 v3.4 Data extraction from label references (HO)
Package: hycolor 2011/01/30 v1.7 Color options for hyperref/bookmark (HO)
)
(/usr/local/texlive/2015/texmf-dist/tex/generic/ifxetex/ifxetex.sty
Package: ifxetex 2010/09/12 v0.6 Provides ifxetex conditional
)
(/usr/local/texlive/2015/texmf-dist/tex/latex/oberdiek/auxhook.sty
Package: auxhook 2011/03/04 v1.3 Hooks for auxiliary files (HO)
)
(/usr/local/texlive/2015/texmf-dist/tex/latex/oberdiek/kvoptions.sty
Package: kvoptions 2011/06/30 v3.11 Key value format for package options (HO)
)
\@linkdim=\dimen170
\Hy@linkcounter=\count116
\Hy@pagecounter=\count117

(/usr/local/texlive/2015/texmf-dist/tex/latex/hyperref/pd1enc.def
File: pd1enc.def 2012/11/06 v6.83m Hyperref: PDFDocEncoding definition (HO)
)
\Hy@SavedSpaceFactor=\count118

(/usr/local/texlive/2015/texmf-dist/tex/latex/latexconfig/hyperref.cfg
File: hyperref.cfg 2002/06/06 v1.2 hyperref configuration of TeXLive
)
Package hyperref Info: Option `plainpages' set `false' on input line 4319.
Package hyperref Info: Option `breaklinks' set `true' on input line 4319.
Package hyperref Info: Option `colorlinks' set `true' on input line 4319.
Package hyperref Info: Option `bookmarks' set `true' on input line 4319.
Package hyperref Info: Option `bookmarksopen' set `true' on input line 4319.
Package hyperref Info: Option `linktocpage' set `true' on input line 4319.
Package hyperref Info: Option `bookmarksnumbered' set `true' on input line 4319
.
Package hyperref Info: Hyper figures OFF on input line 4443.
Package hyperref Info: Link nesting OFF on input line 4448.
Package hyperref Info: Hyper index ON on input line 4451.
Package hyperref Info: Plain pages OFF on input line 4458.
Package hyperref Info: Backreferencing ON on input line 4461.
Package hyperref Info: Implicit mode ON; LaTeX internals redefined.
Package hyperref Info: Bookmarks ON on input line 4688.

(/usr/local/texlive/2015/texmf-dist/tex/latex/hyperref/backref.sty
Package: backref 2012/07/25 v1.38 Bibliographical back referencing

(/usr/local/texlive/2015/texmf-dist/tex/latex/oberdiek/rerunfilecheck.sty
Package: rerunfilecheck 2011/04/15 v1.7 Rerun checks for auxiliary files (HO)
Package uniquecounter Info: New unique counter `rerunfilecheck' on input line 2
82.
))
\c@Hy@tempcnt=\count119
LaTeX Info: Redefining \url on input line 5041.
\XeTeXLinkMargin=\dimen171
\Fld@menulength=\count120
\Field@Width=\dimen172
\Fld@charsize=\dimen173
Package hyperref Info: Hyper figures OFF on input line 6295.
Package hyperref Info: Link nesting OFF on input line 6300.
Package hyperref Info: Hyper index ON on input line 6303.
Package hyperref Info: backreferencing ON on input line 6308.
Package hyperref Info: Link coloring ON on input line 6313.
Package hyperref Info: Link coloring with OCG OFF on input line 6320.
Package hyperref Info: PDF/A mode OFF on input line 6325.
LaTeX Info: Redefining \ref on input line 6365.
LaTeX Info: Redefining \pageref on input line 6369.
\Hy@abspage=\count121
\c@Item=\count122
\c@Hfootnote=\count123
)

Package hyperref Message: Driver: hpdftex.

(/usr/local/texlive/2015/texmf-dist/tex/latex/hyperref/hpdftex.def
File: hpdftex.def 2012/11/06 v6.83m Hyperref driver for pdfTeX
\Fld@listcount=\count124
\c@bookmark@seq@number=\count125
\Hy@SectionHShift=\skip62
)
(./hypernat.sty
Package: hypernat 2001/07/09 v1.0b hyperref and natbib compatibility (jb)
)
(/usr/local/texlive/2015/texmf-dist/tex/latex/supertabular/supertabular.sty
Package: supertabular 2004/02/20 v4.1e the supertabular environment
\c@tracingst=\count126
\ST@wd=\dimen174
\ST@rightskip=\skip63
\ST@leftskip=\skip64
\ST@parfillskip=\skip65
\ST@pageleft=\dimen175
\ST@headht=\dimen176
\ST@tailht=\dimen177
\ST@pagesofar=\dimen178
\ST@pboxht=\dimen179
\ST@lineht=\dimen180
\ST@stretchht=\dimen181
\ST@prevht=\dimen182
\ST@toadd=\dimen183
\ST@dimen=\dimen184
\ST@pbox=\box32
)
(/usr/local/texlive/2015/texmf-dist/tex/latex/booktabs/booktabs.sty
Package: booktabs 2005/04/14 v1.61803 publication quality tables
\heavyrulewidth=\dimen185
\lightrulewidth=\dimen186
\cmidrulewidth=\dimen187
\belowrulesep=\dimen188
\belowbottomsep=\dimen189
\aboverulesep=\dimen190
\abovetopsep=\dimen191
\cmidrulesep=\dimen192
\cmidrulekern=\dimen193
\defaultaddspace=\dimen194
\@cmidla=\count127
\@cmidlb=\count128
\@aboverulesep=\dimen195
\@belowrulesep=\dimen196
\@thisruleclass=\count129
\@lastruleclass=\count130
\@thisrulewidth=\dimen197
)
(/usr/local/texlive/2015/texmf-dist/tex/latex/tools/multicol.sty
Package: multicol 2015/03/31 v1.8m multicolumn formatting (FMi)
\c@tracingmulticols=\count131
\mult@box=\box33
\multicol@leftmargin=\dimen198
\c@unbalance=\count132
\c@collectmore=\count133
\doublecol@number=\count134
\multicoltolerance=\count135
\multicolpretolerance=\count136
\full@width=\dimen199
\page@free=\dimen200
\premulticols=\dimen201
\postmulticols=\dimen202
\multicolsep=\skip66
\multicolbaselineskip=\skip67
\partial@page=\box34
\last@line=\box35
\maxbalancingoverflow=\dimen203
\mult@rightbox=\box36
\mult@grightbox=\box37
\mult@gfirstbox=\box38
\mult@firstbox=\box39
\@tempa=\box40
\@tempa=\box41
\@tempa=\box42
\@tempa=\box43
\@tempa=\box44
\@tempa=\box45
\@tempa=\box46
\@tempa=\box47
\@tempa=\box48
\@tempa=\box49
\@tempa=\box50
\@tempa=\box51
\@tempa=\box52
\@tempa=\box53
\@tempa=\box54
\@tempa=\box55
\@tempa=\box56
\c@columnbadness=\count137
\c@finalcolumnbadness=\count138
\last@try=\dimen204
\multicolovershoot=\dimen205
\multicolundershoot=\dimen206
\mult@nat@firstbox=\box57
\colbreak@box=\box58
\mc@col@check@num=\count139
)
(/usr/local/texlive/2015/texmf-dist/tex/latex/multirow/multirow.sty
\bigstrutjot=\dimen207
)
(/usr/local/texlive/2015/texmf-dist/tex/latex/float/float.sty
Package: float 2001/11/08 v1.3d Float enhancements (AL)
\c@float@type=\count140
\float@exts=\toks25
\float@box=\box59
\@float@everytoks=\toks26
\@floatcapt=\box60
)
(/usr/local/texlive/2015/texmf-dist/tex/latex/base/alltt.sty
Package: alltt 1997/06/16 v2.0g defines alltt environment
)
(/usr/local/texlive/2015/texmf-dist/tex/latex/fancyhdr/fancyhdr.sty
\fancy@headwidth=\skip68
\f@ncyO@elh=\skip69
\f@ncyO@erh=\skip70
\f@ncyO@olh=\skip71
\f@ncyO@orh=\skip72
\f@ncyO@elf=\skip73
\f@ncyO@erf=\skip74
\f@ncyO@olf=\skip75
\f@ncyO@orf=\skip76
)
\@indexfile=\write3
\openout3 = `main.idx'.


Writing index file main.idx
) (./main.aux (./cover.aux) (./contents.aux) (./chap1.aux) (./chap2.aux)
(./chap3.aux) (./chap4.aux

LaTeX Warning: Label `fig:CV' multiply defined.

) (./chap5.aux

LaTeX Warning: Label `eq:LNr' multiply defined.


LaTeX Warning: Label `eq:rLin' multiply defined.


LaTeX Warning: Label `eq:rLin2' multiply defined.

) (./appa.aux))
\openout1 = `main.aux'.

LaTeX Font Info:    Checking defaults for OML/cmm/m/it on input line 31.
LaTeX Font Info:    ... okay on input line 31.
LaTeX Font Info:    Checking defaults for T1/cmr/m/n on input line 31.
LaTeX Font Info:    ... okay on input line 31.
LaTeX Font Info:    Checking defaults for OT1/cmr/m/n on input line 31.
LaTeX Font Info:    ... okay on input line 31.
LaTeX Font Info:    Checking defaults for OMS/cmsy/m/n on input line 31.
LaTeX Font Info:    ... okay on input line 31.
LaTeX Font Info:    Checking defaults for OMX/cmex/m/n on input line 31.
LaTeX Font Info:    ... okay on input line 31.
LaTeX Font Info:    Checking defaults for U/cmr/m/n on input line 31.
LaTeX Font Info:    ... okay on input line 31.
LaTeX Font Info:    Checking defaults for TS1/cmr/m/n on input line 31.
LaTeX Font Info:    Try loading font information for TS1+cmr on input line 31.
 (/usr/local/texlive/2015/texmf-dist/tex/latex/base/ts1cmr.fd
File: ts1cmr.fd 2014/09/29 v2.5h Standard LaTeX font definitions
)
LaTeX Font Info:    ... okay on input line 31.
LaTeX Font Info:    Checking defaults for PD1/pdf/m/n on input line 31.
LaTeX Font Info:    ... okay on input line 31.

(/usr/local/texlive/2015/texmf-dist/tex/context/base/supp-pdf.mkii
[Loading MPS to PDF converter (version 2006.09.02).]
\scratchcounter=\count141
\scratchdimen=\dimen208
\scratchbox=\box61
\nofMPsegments=\count142
\nofMParguments=\count143
\everyMPshowfont=\toks27
\MPscratchCnt=\count144
\MPscratchDim=\dimen209
\MPnumerator=\count145
\makeMPintoPDFobject=\count146
\everyMPtoPDFconversion=\toks28
) (/usr/local/texlive/2015/texmf-dist/tex/latex/oberdiek/epstopdf-base.sty
Package: epstopdf-base 2010/02/09 v2.5 Base part for package epstopdf

(/usr/local/texlive/2015/texmf-dist/tex/latex/oberdiek/grfext.sty
Package: grfext 2010/08/19 v1.1 Manage graphics extensions (HO)
)
Package grfext Info: Graphics extension search list:
(grfext)             [.png,.pdf,.jpg,.mps,.jpeg,.jbig2,.jb2,.PNG,.PDF,.JPG,.JPE
G,.JBIG2,.JB2,.eps]
(grfext)             \AppendGraphicsExtensions on input line 452.

(/usr/local/texlive/2015/texmf-dist/tex/latex/latexconfig/epstopdf-sys.cfg
File: epstopdf-sys.cfg 2010/07/13 v1.3 Configuration of (r)epstopdf for TeX Liv
e
))
\AtBeginShipoutBox=\box62
Package backref Info: ** backref set up for natbib ** on input line 31.
Package hyperref Info: Link coloring ON on input line 31.

(/usr/local/texlive/2015/texmf-dist/tex/latex/hyperref/nameref.sty
Package: nameref 2012/10/27 v2.43 Cross-referencing by name of section

(/usr/local/texlive/2015/texmf-dist/tex/generic/oberdiek/gettitlestring.sty
Package: gettitlestring 2010/12/03 v1.4 Cleanup title references (HO)
)
\c@section@level=\count147
LaTeX Info: Redefining \Ref on input line 513.
)
LaTeX Info: Redefining \ref on input line 31.
LaTeX Info: Redefining \pageref on input line 31.
LaTeX Info: Redefining \nameref on input line 31.

(./main.out) (./main.out)
\@outlinefile=\write4
\openout4 = `main.out'.

LaTeX Info: Redefining \Ref on input line 31.
\openout2 = `cover.aux'.

 (./cover.tex
LaTeX Font Info:    Font shape `T1/MinionPro-LF/bx/n' in size <17.28> not avail
able
(Font)              Font shape `T1/MinionPro-LF/b/n' tried instead on input lin
e 81.
LaTeX Font Info:    Try loading font information for TS1+MinionPro-LF on input 
line 81.

(/Users/Maxime/Library/texmf/tex/latex/MinionPro/ts1minionpro-lf.fd
File: TS1MinionPro-LF.fd 2005/01/23 v2.0 font definitions for TS1/MinionPro-LF.


(/Users/Maxime/Library/texmf/tex/latex/MinionPro/MinionPro-FontDef.sty
File: MinionPro-FontDef.sty 2007/02/01 v2.2 font definition macros
))
LaTeX Font Info:    Try loading font information for T1+cmtt on input line 81.

(/usr/local/texlive/2015/texmf-dist/tex/latex/base/t1cmtt.fd
File: t1cmtt.fd 2014/09/29 v2.5h Standard LaTeX font definitions
)
LaTeX Font Info:    Try loading font information for OML+MinionPro-TOsF on inpu
t line 81.

(/Users/Maxime/Library/texmf/tex/latex/MinionPro/omlminionpro-tosf.fd
File: OMLMinionPro-TOsF.fd 2005/01/23 v2.0 font definitions for OML/MinionPro-T
OsF.

(/Users/Maxime/Library/texmf/tex/latex/MinionPro/MinionPro-FontDef.sty
File: MinionPro-FontDef.sty 2007/02/01 v2.2 font definition macros
))
LaTeX Font Info:    Try loading font information for U+lasy on input line 81.

(/usr/local/texlive/2015/texmf-dist/tex/latex/base/ulasy.fd
File: ulasy.fd 1998/08/17 v2.2e LaTeX symbol font definitions
) [1






{/Users/Maxime/Library/texlive/2015/texmf-var/fonts/map/pdftex/updmap/pdftex.ma
p}] [2

]
LaTeX Font Info:    Font shape `T1/MinionPro-LF/bx/n' in size <14.4> not availa
ble
(Font)              Font shape `T1/MinionPro-LF/b/n' tried instead on input lin
e 100.

(./abstract.tex [3

]) [4]
LaTeX Font Info:    Font shape `T1/MinionPro-LF/bx/n' in size <12> not availabl
e
(Font)              Font shape `T1/MinionPro-LF/b/n' tried instead on input lin
e 126.


LaTeX Warning: Reference `chapter:amps' on page 5 undefined on input line 126.

) [5

]
\openout2 = `contents.aux'.

 (./contents.tex [6




]
LaTeX Font Info:    Font shape `T1/MinionPro-LF/bx/n' in size <24.88> not avail
able
(Font)              Font shape `T1/MinionPro-LF/b/n' tried instead on input lin
e 6.
 (./main.toc [7] [8])
\tf@toc=\write5
\openout5 = `main.toc'.

 [9] [10

] (./main.lof
Overfull \hbox (1.62334pt too wide) in paragraph at lines 16--16
 \T1/MinionPro-LF/m/n/12 (left) and blood flow pa-ram-e-ters (right) es-ti-mate
d with the \T1/MinionPro-LF/b/n/12 aLN\T1/MinionPro-LF/m/n/12 , \T1/MinionPro-L
F/b/n/12 rLN\T1/MinionPro-LF/m/n/12 , \T1/MinionPro-LF/b/n/12 aAIFd\T1/MinionPr
o-LF/m/n/12 , 
 []


Overfull \hbox (5.24364pt too wide) in paragraph at lines 16--16
 \T1/MinionPro-LF/m/n/12 groups of pa-ram-e-ters were built (hor-i-zon-tal line
s be-low the pa-ram-e-ter names) 
 []


Underfull \vbox (badness 10000) has occurred while \output is active []

 [11]
Underfull \vbox (badness 10000) has occurred while \output is active []

 [12])
\tf@lof=\write6
\openout6 = `main.lof'.


[13] [14

] (./main.lot [15]
Overfull \hbox (10.87634pt too wide) in paragraph at lines 26--26
 [][] []\T1/MinionPro-LF/m/n/12 Analytic ex-pres-sions of per-fu-sion pa-ram-e-
ters us-ing a one-compartment model 
 []

)
\tf@lot=\write7
\openout7 = `main.lot'.

) [16]
\openout2 = `chap1.aux'.

 (./chap1.tex
Chapter 1.
)
Underfull \vbox (badness 10000) has occurred while \output is active []

 [17




]
Overfull \vbox (37.56429pt too high) has occurred while \output is active []


[18]
\openout2 = `chap2.aux'.

 (./chap2.tex
Chapter 2.
[19




]

LaTeX Warning: Reference `fig:SQParameters' on page 20 undefined on input line 
25.

[20] [21] [22]
Overfull \hbox (2.91896pt too wide) in paragraph at lines 79--82
\T1/MinionPro-LF/m/n/12 25-minute post-contrast im-ages ac-quired in the larges
t sec-tion of sub-cu-ta-neous hu-man breast
 []


Underfull \vbox (badness 1675) has occurred while \output is active []

 [23]
[24]
LaTeX Font Info:    Font shape `T1/MinionPro-LF/bx/it' in size <12> not availab
le
(Font)              Font shape `T1/MinionPro-LF/b/it' tried instead on input li
ne 122.
 [25]
Underfull \vbox (badness 1675) has occurred while \output is active []

 [26]
Underfull \vbox (badness 5652) has occurred while \output is active []

 [27]
Underfull \vbox (badness 10000) has occurred while \output is active []

 [28]
Underfull \vbox (badness 5652) has occurred while \output is active []

 [29]
[30]
Underfull \vbox (badness 5652) has occurred while \output is active []

 [31]
Overfull \hbox (3.08748pt too wide) in paragraph at lines 260--264
\T1/MinionPro-LF/m/n/12 pa-ram-e-ters were eval-u-ated in five re-gions of in-t
er-est of the es-tab-lished uni-lat-eral view, i.e. with
 []


Underfull \vbox (badness 1675) has occurred while \output is active []

 [32]
Underfull \vbox (badness 5652) has occurred while \output is active []

 [33]
[34]
Underfull \vbox (badness 10000) has occurred while \output is active []

 [35]

Package natbib Warning: Citation `Arditi:2006ip' on page 36 undefined on input 
line 352.


Overfull \hbox (20.55025pt too wide) in paragraph at lines 352--356
[]\T1/MinionPro-LF/b/n/12 ? \T1/MinionPro-LF/m/n/12 ] in-tro-duced a new for-ma
l-ism for the quan-tifi-ca-tion of real-time destruction-replenishment
 []

(./chap2.bbl (./main.brf)
\tf@brf=\write8
\openout8 = `main.brf'.


Underfull \vbox (badness 10000) has occurred while \output is active []

 [36]
[37] [38] [39] [40] [41] [42] [43]
Underfull \hbox (badness 1242) in paragraph at lines 480--480
\T1/MinionPro-LF/m/n/12 tertreiner.  Quan-ti-ta-tive as-sess-ment of my-ocar-di
al blood flow by con-trast two-
 []

[44]
Underfull \hbox (badness 1442) in paragraph at lines 541--541
[]\T1/MinionPro-LF/m/n/12 Byron F Van-den-berg, Robert Kieso, Karen Fox-Eastham
, William Chil-ian, and
 []

[45] [46])) [47]
\openout2 = `chap3.aux'.

 (./chap3.tex [48




]
Chapter 3.

Underfull \vbox (badness 6758) has occurred while \output is active []

 [49]
Overfull \hbox (1.75916pt too wide) in paragraph at lines 13--15
\T1/MinionPro-LF/m/n/12 that these semi-quantitative pa-ram-e-ters were sen-si-
tive to var-i-ous fac-tors [[]]: scanner-related
 []

[50] [51]
Package epstopdf Info: Source file: <Figures/Figure1.eps>
(epstopdf)                    date: 2017-04-12 09:25:36
(epstopdf)                    size: 1117482 bytes
(epstopdf)             Output file: <Figures/Figure1-eps-converted-to.pdf>
(epstopdf)                    date: 2017-04-12 11:30:45
(epstopdf)                    size: 83656 bytes
(epstopdf)             Command: <repstopdf --outfile=Figures/Figure1-eps-conver
ted-to.pdf Figures/Figure1.eps>
(epstopdf)             \includegraphics on input line 46.
Package epstopdf Info: Output file is already uptodate.

<Figures/Figure1-eps-converted-to.pdf, id=981, 886.31125pt x 281.05pt>
File: Figures/Figure1-eps-converted-to.pdf Graphic file (type pdf)

<use Figures/Figure1-eps-converted-to.pdf>
Package pdftex.def Info: Figures/Figure1-eps-converted-to.pdf used on input lin
e 46.
(pdftex.def)             Requested size: 433.62pt x 137.50127pt.
 [52]
Overfull \hbox (5.9753pt too wide) in paragraph at lines 63--79
 [] 
 []


Underfull \vbox (badness 10000) has occurred while \output is active []

 [53pdfTeX warning (ext4): destination with the same identifier (name{figure.3.
1}) has been already used, duplicate ignored

\AtBegShi@Output ...ipout \box \AtBeginShipoutBox 
                                                  \fi \fi 
l.93 \end{equation}
                    <./Figures/Figure1-eps-converted-to.pdf>]
Underfull \vbox (badness 2608) has occurred while \output is active []

 [54pdfTeX warning (ext4): destination with the same identifier (name{table.3.1
}) has been already used, duplicate ignored

\AtBegShi@Output ...ipout \box \AtBeginShipoutBox 
                                                  \fi \fi 
l.106 
      ]
Package epstopdf Info: Source file: <Figures/Figure2.eps>
(epstopdf)                    date: 2017-04-12 09:25:36
(epstopdf)                    size: 8494030 bytes
(epstopdf)             Output file: <Figures/Figure2-eps-converted-to.pdf>
(epstopdf)                    date: 2017-04-12 11:30:49
(epstopdf)                    size: 133645 bytes
(epstopdf)             Command: <repstopdf --outfile=Figures/Figure2-eps-conver
ted-to.pdf Figures/Figure2.eps>
(epstopdf)             \includegraphics on input line 113.
Package epstopdf Info: Output file is already uptodate.

<Figures/Figure2-eps-converted-to.pdf, id=1041, 850.17625pt x 202.7575pt>
File: Figures/Figure2-eps-converted-to.pdf Graphic file (type pdf)

<use Figures/Figure2-eps-converted-to.pdf>
Package pdftex.def Info: Figures/Figure2-eps-converted-to.pdf used on input lin
e 113.
(pdftex.def)             Requested size: 433.62pt x 103.41423pt.
 [55pdfTeX warning (ext4): destination with the same identifier (name{figure.3.
2}) has been already used, duplicate ignored

\AtBegShi@Output ...ipout \box \AtBeginShipoutBox 
                                                  \fi \fi 
l.127 \subsubsection
                    {Relative One-Compartment model with an Arterial Input F...
 <./Figures/Figure2-eps-converted-to.pdf>] [56] [57] [58pdfTeX warning (ext4): 
destination with the same identifier (name{table.3.2}) has been already used, d
uplicate ignored

\AtBegShi@Output ...ipout \box \AtBeginShipoutBox 
                                                  \fi \fi 
l.203 
      ]
Package epstopdf Info: Source file: <Figures/Figure3.eps>
(epstopdf)                    date: 2017-04-12 09:25:36
(epstopdf)                    size: 1547530 bytes
(epstopdf)             Output file: <Figures/Figure3-eps-converted-to.pdf>
(epstopdf)                    date: 2017-04-12 11:30:50
(epstopdf)                    size: 72499 bytes
(epstopdf)             Command: <repstopdf --outfile=Figures/Figure3-eps-conver
ted-to.pdf Figures/Figure3.eps>
(epstopdf)             \includegraphics on input line 211.
Package epstopdf Info: Output file is already uptodate.

<Figures/Figure3-eps-converted-to.pdf, id=1120, 771.88374pt x 394.47375pt>
File: Figures/Figure3-eps-converted-to.pdf Graphic file (type pdf)

<use Figures/Figure3-eps-converted-to.pdf>
Package pdftex.def Info: Figures/Figure3-eps-converted-to.pdf used on input lin
e 211.
(pdftex.def)             Requested size: 433.62pt x 221.602pt.
Package epstopdf Info: Source file: <Figures/Figure4.eps>
(epstopdf)                    date: 2017-04-12 09:27:20
(epstopdf)                    size: 1078202 bytes
(epstopdf)             Output file: <Figures/Figure4-eps-converted-to.pdf>
(epstopdf)                    date: 2017-04-12 11:30:50
(epstopdf)                    size: 37080 bytes
(epstopdf)             Command: <repstopdf --outfile=Figures/Figure4-eps-conver
ted-to.pdf Figures/Figure4.eps>
(epstopdf)             \includegraphics on input line 237.
Package epstopdf Info: Output file is already uptodate.

<Figures/Figure4-eps-converted-to.pdf, id=1121, 769.87625pt x 429.605pt>
File: Figures/Figure4-eps-converted-to.pdf Graphic file (type pdf)

<use Figures/Figure4-eps-converted-to.pdf>
Package pdftex.def Info: Figures/Figure4-eps-converted-to.pdf used on input lin
e 237.
(pdftex.def)             Requested size: 433.62pt x 241.97342pt.
 [59pdfTeX warning (ext4): destination with the same identifier (name{table.3.3
}) has been already used, duplicate ignored

\AtBegShi@Output ...ipout \box \AtBeginShipoutBox 
                                                  \fi \fi 
l.244 
      ] [60pdfTeX warning (ext4): destination with the same identifier (name{fi
gure.3.3}) has been already used, duplicate ignored

\AtBegShi@Output ...ipout \box \AtBeginShipoutBox 
                                                  \fi \fi 
l.252 
       <./Figures/Figure3-eps-converted-to.pdf>]
Underfull \vbox (badness 10000) has occurred while \output is active []

 [61pdfTeX warning (ext4): destination with the same identifier (name{figure.3.
4}) has been already used, duplicate ignored

\AtBegShi@Output ...ipout \box \AtBeginShipoutBox 
                                                  \fi \fi 
l.252 
       <./Figures/Figure4-eps-converted-to.pdf>]
Underfull \vbox (badness 1675) has occurred while \output is active []

 [62]
[63] (./chap3.bbl (./main.brf) [64] [65] [66] [67])) [68] [69pdfTeX warning (ex
t4): destination with the same identifier (name{table.3.4}) has been already us
ed, duplicate ignored

\AtBegShi@Output ...ipout \box \AtBeginShipoutBox 
                                                  \fi \fi 
l.47 \include{chap3}
                    pdfTeX warning (ext4): destination with the same identifier
 (name{table.3.5}) has been already used, duplicate ignored

\AtBegShi@Output ...ipout \box \AtBeginShipoutBox 
                                                  \fi \fi 
l.47 \include{chap3}
                    ]
\openout2 = `chap4.aux'.

 (./chap4.tex [70




]
Chapter 4.

Underfull \vbox (badness 5388) has occurred while \output is active []

 [71]
[72]
Package epstopdf Info: Source file: <Figures/Ch4_Figure1.eps>
(epstopdf)                    date: 2017-04-12 14:56:46
(epstopdf)                    size: 1454746 bytes
(epstopdf)             Output file: <Figures/Ch4_Figure1-eps-converted-to.pdf>
(epstopdf)                    date: 2017-04-12 17:08:11
(epstopdf)                    size: 90541 bytes
(epstopdf)             Command: <repstopdf --outfile=Figures/Ch4_Figure1-eps-co
nverted-to.pdf Figures/Ch4_Figure1.eps>
(epstopdf)             \includegraphics on input line 30.
Package epstopdf Info: Output file is already uptodate.

<Figures/Ch4_Figure1-eps-converted-to.pdf, id=1262, 888.31876pt x 277.035pt>
File: Figures/Ch4_Figure1-eps-converted-to.pdf Graphic file (type pdf)

<use Figures/Ch4_Figure1-eps-converted-to.pdf>
Package pdftex.def Info: Figures/Ch4_Figure1-eps-converted-to.pdf used on input
 line 30.
(pdftex.def)             Requested size: 433.62pt x 135.22838pt.
 [73] [74pdfTeX warning (ext4): destination with the same identifier (name{figu
re.4.1}) has been already used, duplicate ignored

\AtBegShi@Output ...ipout \box \AtBeginShipoutBox 
                                                  \fi \fi 
l.49 \end{equation}
                    <./Figures/Ch4_Figure1-eps-converted-to.pdf>] [75] [76]
[77]
Package epstopdf Info: Source file: <Figures/Ch4_V_CV.eps>
(epstopdf)                    date: 2017-04-12 14:56:46
(epstopdf)                    size: 731458 bytes
(epstopdf)             Output file: <Figures/Ch4_V_CV-eps-converted-to.pdf>
(epstopdf)                    date: 2017-04-12 17:08:12
(epstopdf)                    size: 27871 bytes
(epstopdf)             Command: <repstopdf --outfile=Figures/Ch4_V_CV-eps-conve
rted-to.pdf Figures/Ch4_V_CV.eps>
(epstopdf)             \includegraphics on input line 160.
Package epstopdf Info: Output file is already uptodate.
 <Figures/Ch4_V_CV-eps-converted-to.pdf, id=1325, 449.68pt x 443.6575pt>
File: Figures/Ch4_V_CV-eps-converted-to.pdf Graphic file (type pdf)

<use Figures/Ch4_V_CV-eps-converted-to.pdf>
Package pdftex.def Info: Figures/Ch4_V_CV-eps-converted-to.pdf used on input li
ne 160.
(pdftex.def)             Requested size: 212.47617pt x 209.62927pt.
Package epstopdf Info: Source file: <Figures/Ch4_F_CV.eps>
(epstopdf)                    date: 2017-04-12 14:56:46
(epstopdf)                    size: 724958 bytes
(epstopdf)             Output file: <Figures/Ch4_F_CV-eps-converted-to.pdf>
(epstopdf)                    date: 2017-04-12 17:08:13
(epstopdf)                    size: 26258 bytes
(epstopdf)             Command: <repstopdf --outfile=Figures/Ch4_F_CV-eps-conve
rted-to.pdf Figures/Ch4_F_CV.eps>
(epstopdf)             \includegraphics on input line 161.
Package epstopdf Info: Output file is already uptodate.

<Figures/Ch4_F_CV-eps-converted-to.pdf, id=1326, 449.68pt x 443.6575pt>
File: Figures/Ch4_F_CV-eps-converted-to.pdf Graphic file (type pdf)

<use Figures/Ch4_F_CV-eps-converted-to.pdf>
Package pdftex.def Info: Figures/Ch4_F_CV-eps-converted-to.pdf used on input li
ne 161.
(pdftex.def)             Requested size: 212.47617pt x 209.62927pt.
 [78pdfTeX warning (ext4): destination with the same identifier (name{table.4.1
}) has been already used, duplicate ignored

\AtBegShi@Output ...ipout \box \AtBeginShipoutBox 
                                                  \fi \fi 
l.194 
      ]
Underfull \vbox (badness 10000) has occurred while \output is active []

 [79pdfTeX warning (ext4): destination with the same identifier (name{figure.4.
2}) has been already used, duplicate ignored

\AtBegShi@Output ...ipout \box \AtBeginShipoutBox 
                                                  \fi \fi 
l.198 
      pdfTeX warning (ext4): destination with the same identifier (name{table.4
.2}) has been already used, duplicate ignored

\AtBegShi@Output ...ipout \box \AtBeginShipoutBox 
                                                  \fi \fi 
l.198 
       <./Figures/Ch4_V_CV-eps-converted-to.pdf> <./Figures/Ch4_F_CV-eps-conver
ted-to.pdf>]
Underfull \vbox (badness 10000) has occurred while \output is active []

 [80]
(./chap4.bbl (./main.brf) [81])) [82]
\openout2 = `chap5.aux'.

 (./chap5.tex
Chapter 5.

Underfull \vbox (badness 6758) has occurred while \output is active []

 [83




]
[84]
Underfull \vbox (badness 10000) has occurred while \output is active []

 [85]
[86]
Package epstopdf Info: Source file: <Figures/Ch5_simRC_CaCt4Cr.eps>
(epstopdf)                    date: 2017-04-12 15:21:46
(epstopdf)                    size: 1792014 bytes
(epstopdf)             Output file: <Figures/Ch5_simRC_CaCt4Cr-eps-converted-to
.pdf>
(epstopdf)                    date: 2017-04-12 17:47:00
(epstopdf)                    size: 89915 bytes
(epstopdf)             Command: <repstopdf --outfile=Figures/Ch5_simRC_CaCt4Cr-
eps-converted-to.pdf Figures/Ch5_simRC_CaCt4Cr.eps>
(epstopdf)             \includegraphics on input line 54.
Package epstopdf Info: Output file is already uptodate.

<Figures/Ch5_simRC_CaCt4Cr-eps-converted-to.pdf, id=1429, 786.94pt x 468.75125p
t>
File: Figures/Ch5_simRC_CaCt4Cr-eps-converted-to.pdf Graphic file (type pdf)
 <use Figures/Ch5_simRC_CaCt4Cr-eps-converted-to.pdf>
Package pdftex.def Info: Figures/Ch5_simRC_CaCt4Cr-eps-converted-to.pdf used on
 input line 54.
(pdftex.def)             Requested size: 433.62pt x 258.28604pt.

Underfull \vbox (badness 10000) has occurred while \output is active []

 [87pdfTeX warning (ext4): destination with the same identifier (name{figure.5.
1}) has been already used, duplicate ignored

\AtBegShi@Output ...ipout \box \AtBeginShipoutBox 
                                                  \fi \fi 
l.63 \begin{equation}
                      <./Figures/Ch5_simRC_CaCt4Cr-eps-converted-to.pdf>]
[88]
Overfull \hbox (30.73343pt too wide) in paragraph at lines 98--102
\T1/MinionPro-LF/m/n/12 with $\OML/MinionPro-TOsF/m/it/12 W[]\OMX/MnSymbolE/m/n
/12 \OML/MinionPro-TOsF/m/it/12 t\OMX/MnSymbolE/m/n/12 $ \T1/MinionPro-LF/m/n
/12 = $\OML/MinionPro-TOsF/m/it/12 C[]\OMX/MnSymbolE/m/n/12 \OML/MinionPro-TOs
F/m/it/12 t \U/MnSymbolC/m/n/12 ^^P \OML/MinionPro-TOsF/m/it/12 ^^N[]\OMX/MnSym
bolE/m/n/12 $\T1/MinionPro-LF/m/n/12 , $\OML/MinionPro-TOsF/m/it/12 X\OMX/MnSy
mbolE/m/n/12 \OML/MinionPro-TOsF/m/it/12 t\OMX/MnSymbolE/m/n/12 $ \T1/MinionP
ro-LF/m/n/12 = $\OML/MinionPro-TOsF/m/it/12 C[]\OMX/MnSymbolE/m/n/12 \OML/Mini
onPro-TOsF/m/it/12 t \U/MnSymbolC/m/n/12 ^^P \OML/MinionPro-TOsF/m/it/12 ^^N[]\
OMX/MnSymbolE/m/n/12 $\T1/MinionPro-LF/m/n/12 , $\OML/MinionPro-TOsF/m/it/12 Y
\OMX/MnSymbolE/m/n/12 \OML/MinionPro-TOsF/m/it/12 t\OMX/MnSymbolE/m/n/12 $ \T
1/MinionPro-LF/m/n/12 = $[][] \OML/MinionPro-TOsF/m/it/12 C[] [] \T1/MinionPro-
LF/m/n/12 d\OML/MinionPro-TOsF/m/it/12 ^^\$\T1/MinionPro-LF/m/n/12 , and $\OML/
MinionPro-TOsF/m/it/12 Z[]\OMX/MnSymbolE/m/n/12 \OML/MinionPro-TOsF/m/it/12 t\
OMX/MnSymbolE/m/n/12 $ \T1/MinionPro-LF/m/n/12 = $[][] \OML/MinionPro-TOsF/m/i
t/12 C[] [] \T1/MinionPro-LF/m/n/12 d\OML/MinionPro-TOsF/m/it/12 ^^\$\T1/Minion
Pro-LF/m/n/12 .
 []

[89] [90]
Package epstopdf Info: Source file: <Figures/Ch5_SimRC_SimulationBullseyes.eps>

(epstopdf)                    date: 2017-04-12 15:21:46
(epstopdf)                    size: 1306354 bytes
(epstopdf)             Output file: <Figures/Ch5_SimRC_SimulationBullseyes-eps-
converted-to.pdf>
(epstopdf)                    date: 2017-04-12 17:48:29
(epstopdf)                    size: 48095 bytes
(epstopdf)             Command: <repstopdf --outfile=Figures/Ch5_SimRC_Simulati
onBullseyes-eps-converted-to.pdf Figures/Ch5_SimRC_SimulationBullseyes.eps>
(epstopdf)             \includegraphics on input line 118.
Package epstopdf Info: Output file is already uptodate.

<Figures/Ch5_SimRC_SimulationBullseyes-eps-converted-to.pdf, id=1482, 1067.99pt
 x 211.79124pt>
File: Figures/Ch5_SimRC_SimulationBullseyes-eps-converted-to.pdf Graphic file (
type pdf)

<use Figures/Ch5_SimRC_SimulationBullseyes-eps-converted-to.pdf>
Package pdftex.def Info: Figures/Ch5_SimRC_SimulationBullseyes-eps-converted-to
.pdf used on input line 118.
(pdftex.def)             Requested size: 433.62pt x 85.9915pt.

Underfull \vbox (badness 3965) has occurred while \output is active []

 [91pdfTeX warning (ext4): destination with the same identifier (name{figure.5.
2}) has been already used, duplicate ignored

\AtBegShi@Output ...ipout \box \AtBeginShipoutBox 
                                                  \fi \fi 
l.138 \end{equation}
                     <./Figures/Ch5_SimRC_SimulationBullseyes-eps-converted-to.
pdf>]
Package epstopdf Info: Source file: <Figures/Ch5_ParamBoard_Ct4.eps>
(epstopdf)                    date: 2017-04-12 15:21:44
(epstopdf)                    size: 3947446 bytes
(epstopdf)             Output file: <Figures/Ch5_ParamBoard_Ct4-eps-converted-t
o.pdf>
(epstopdf)                    date: 2017-04-12 17:48:30
(epstopdf)                    size: 85814 bytes
(epstopdf)             Command: <repstopdf --outfile=Figures/Ch5_ParamBoard_Ct4
-eps-converted-to.pdf Figures/Ch5_ParamBoard_Ct4.eps>
(epstopdf)             \includegraphics on input line 147.
Package epstopdf Info: Output file is already uptodate.

<Figures/Ch5_ParamBoard_Ct4-eps-converted-to.pdf, id=1508, 980.66376pt x 1241.6
3875pt>
File: Figures/Ch5_ParamBoard_Ct4-eps-converted-to.pdf Graphic file (type pdf)
 <use Figures/Ch5_ParamBoard_Ct4-eps-converted-to.pdf>
Package pdftex.def Info: Figures/Ch5_ParamBoard_Ct4-eps-converted-to.pdf used o
n input line 147.
(pdftex.def)             Requested size: 433.62pt x 549.01306pt.


LaTeX Warning: Float too large for page by 59.73325pt on input line 151.

Package epstopdf Info: Source file: <Figures/Ch5_simRC_bullseye_LN_LNwi.eps>
(epstopdf)                    date: 2017-04-12 15:21:44
(epstopdf)                    size: 1208702 bytes
(epstopdf)             Output file: <Figures/Ch5_simRC_bullseye_LN_LNwi-eps-con
verted-to.pdf>
(epstopdf)                    date: 2017-04-12 17:48:31
(epstopdf)                    size: 81702 bytes
(epstopdf)             Command: <repstopdf --outfile=Figures/Ch5_simRC_bullseye
_LN_LNwi-eps-converted-to.pdf Figures/Ch5_simRC_bullseye_LN_LNwi.eps>
(epstopdf)             \includegraphics on input line 155.
Package epstopdf Info: Output file is already uptodate.

<Figures/Ch5_simRC_bullseye_LN_LNwi-eps-converted-to.pdf, id=1509, 532.99126pt 
x 529.98pt>
File: Figures/Ch5_simRC_bullseye_LN_LNwi-eps-converted-to.pdf Graphic file (typ
e pdf)
 <use Figures/Ch5_simRC_bullseye_LN_LNwi-eps-converted-to.pdf>
Package pdftex.def Info: Figures/Ch5_simRC_bullseye_LN_LNwi-eps-converted-to.pd
f used on input line 155.
(pdftex.def)             Requested size: 433.62pt x 431.18184pt.
Package epstopdf Info: Source file: <Figures/Ch5_simRC_bullseye_rLN_rLNwi.eps>
(epstopdf)                    date: 2017-04-12 15:21:44
(epstopdf)                    size: 1220334 bytes
(epstopdf)             Output file: <Figures/Ch5_simRC_bullseye_rLN_rLNwi-eps-c
onverted-to.pdf>
(epstopdf)                    date: 2017-04-12 17:48:32
(epstopdf)                    size: 79187 bytes
(epstopdf)             Command: <repstopdf --outfile=Figures/Ch5_simRC_bullseye
_rLN_rLNwi-eps-converted-to.pdf Figures/Ch5_simRC_bullseye_rLN_rLNwi.eps>
(epstopdf)             \includegraphics on input line 163.
Package epstopdf Info: Output file is already uptodate.

<Figures/Ch5_simRC_bullseye_rLN_rLNwi-eps-converted-to.pdf, id=1510, 532.99126p
t x 529.98pt>
File: Figures/Ch5_simRC_bullseye_rLN_rLNwi-eps-converted-to.pdf Graphic file (t
ype pdf)
 <use Figures/Ch5_simRC_bullseye_rLN_rLNwi-eps-converted-to.pdf>
Package pdftex.def Info: Figures/Ch5_simRC_bullseye_rLN_rLNwi-eps-converted-to.
pdf used on input line 163.
(pdftex.def)             Requested size: 433.62pt x 431.18184pt.
Package epstopdf Info: Source file: <Figures/Ch5_simRC_bullseye_rLin_rReg.eps>
(epstopdf)                    date: 2017-04-12 15:21:44
(epstopdf)                    size: 1766186 bytes
(epstopdf)             Output file: <Figures/Ch5_simRC_bullseye_rLin_rReg-eps-c
onverted-to.pdf>
(epstopdf)                    date: 2017-04-12 17:48:33
(epstopdf)                    size: 98296 bytes
(epstopdf)             Command: <repstopdf --outfile=Figures/Ch5_simRC_bullseye
_rLin_rReg-eps-converted-to.pdf Figures/Ch5_simRC_bullseye_rLin_rReg.eps>
(epstopdf)             \includegraphics on input line 171.
Package epstopdf Info: Output file is already uptodate.

<Figures/Ch5_simRC_bullseye_rLin_rReg-eps-converted-to.pdf, id=1511, 878.28125p
t x 529.98pt>
File: Figures/Ch5_simRC_bullseye_rLin_rReg-eps-converted-to.pdf Graphic file (t
ype pdf)
 <use Figures/Ch5_simRC_bullseye_rLin_rReg-eps-converted-to.pdf>
Package pdftex.def Info: Figures/Ch5_simRC_bullseye_rLin_rReg-eps-converted-to.
pdf used on input line 171.
(pdftex.def)             Requested size: 433.62pt x 261.66565pt.


Package hyperref Warning: Token not allowed in a PDF string (PDFDocEncoding):
(hyperref)                removing `math shift' on input line 178.


Package hyperref Warning: Token not allowed in a PDF string (PDFDocEncoding):
(hyperref)                removing `subscript' on input line 178.


Package hyperref Warning: Token not allowed in a PDF string (PDFDocEncoding):
(hyperref)                removing `math shift' on input line 178.


Package hyperref Warning: Token not allowed in a PDF string (PDFDocEncoding):
(hyperref)                removing `math shift' on input line 182.


Package hyperref Warning: Token not allowed in a PDF string (PDFDocEncoding):
(hyperref)                removing `subscript' on input line 182.


Package hyperref Warning: Token not allowed in a PDF string (PDFDocEncoding):
(hyperref)                removing `math shift' on input line 182.

[92] [93pdfTeX warning (ext4): destination with the same identifier (name{figur
e.5.3}) has been already used, duplicate ignored

\AtBegShi@Output ...ipout \box \AtBeginShipoutBox 
                                                  \fi \fi 
l.184 
       <./Figures/Ch5_ParamBoard_Ct4-eps-converted-to.pdf>] [94pdfTeX warning (
ext4): destination with the same identifier (name{figure.5.4}) has been already
 used, duplicate ignored

\AtBegShi@Output ...ipout \box \AtBeginShipoutBox 
                                                  \fi \fi 
l.184 
       <./Figures/Ch5_simRC_bullseye_LN_LNwi-eps-converted-to.pdf>] [95pdfTeX w
arning (ext4): destination with the same identifier (name{figure.5.5}) has been
 already used, duplicate ignored

\AtBegShi@Output ...ipout \box \AtBeginShipoutBox 
                                                  \fi \fi 
l.184 
       <./Figures/Ch5_simRC_bullseye_rLN_rLNwi-eps-converted-to.pdf>] [96pdfTeX
 warning (ext4): destination with the same identifier (name{figure.5.6}) has be
en already used, duplicate ignored

\AtBegShi@Output ...ipout \box \AtBeginShipoutBox 
                                                  \fi \fi 
l.184 
       <./Figures/Ch5_simRC_bullseye_rLin_rReg-eps-converted-to.pdf>]

Package hyperref Warning: Token not allowed in a PDF string (PDFDocEncoding):
(hyperref)                removing `math shift' on input line 185.


Package hyperref Warning: Token not allowed in a PDF string (PDFDocEncoding):
(hyperref)                removing `subscript' on input line 185.


Package hyperref Warning: Token not allowed in a PDF string (PDFDocEncoding):
(hyperref)                removing `math shift' on input line 185.


Package hyperref Warning: Token not allowed in a PDF string (PDFDocEncoding):
(hyperref)                removing `math shift' on input line 188.


Package hyperref Warning: Token not allowed in a PDF string (PDFDocEncoding):
(hyperref)                removing `subscript' on input line 188.


Package hyperref Warning: Token not allowed in a PDF string (PDFDocEncoding):
(hyperref)                removing `math shift' on input line 188.


Package hyperref Warning: Token not allowed in a PDF string (PDFDocEncoding):
(hyperref)                removing `math shift' on input line 191.


Package hyperref Warning: Token not allowed in a PDF string (PDFDocEncoding):
(hyperref)                removing `subscript' on input line 191.


Package hyperref Warning: Token not allowed in a PDF string (PDFDocEncoding):
(hyperref)                removing `math shift' on input line 191.


Package hyperref Warning: Token not allowed in a PDF string (PDFDocEncoding):
(hyperref)                removing `math shift' on input line 194.


Package hyperref Warning: Token not allowed in a PDF string (PDFDocEncoding):
(hyperref)                removing `subscript' on input line 194.


Package hyperref Warning: Token not allowed in a PDF string (PDFDocEncoding):
(hyperref)                removing `math shift' on input line 194.


Underfull \vbox (badness 4859) has occurred while \output is active []

 [97]
[98] [99]
Underfull \vbox (badness 5652) has occurred while \output is active []

 [100]
Underfull \vbox (badness 10000) has occurred while \output is active []

 [101]
Overfull \hbox (4.68356pt too wide) in paragraph at lines 233--236
[]$\OML/MinionPro-TOsF/m/it/12 AUC$ \T1/MinionPro-LF/m/n/12 and $\OML/MinionPro
-TOsF/m/it/12 WIR$ \T1/MinionPro-LF/m/n/12 can also be de-rived when con-sid-er
-ing a one-compartment vas-cu-lar model,
 []


LaTeX Warning: `!h' float specifier changed to `!ht'.

(./chap5.bbl (./main.brf)
Underfull \vbox (badness 10000) has occurred while \output is active []

 [102]
[103pdfTeX warning (ext4): destination with the same identifier (name{table.5.1
}) has been already used, duplicate ignored

\AtBegShi@Output ...ipout \box \AtBeginShipoutBox 
                                                  \fi \fi 
l.56 
     ] [104])) [105]
\openout2 = `appa.aux'.

 (./appa.tex [106





]
Appendix A.
) [107]

Package natbib Warning: There were undefined citations.

Package atveryend Info: Empty hook `BeforeClearDocument' on input line 60.
Package atveryend Info: Empty hook `AfterLastShipout' on input line 60.
(./main.aux (./cover.aux) (./contents.aux) (./chap1.aux) (./chap2.aux)
(./chap3.aux) (./chap4.aux) (./chap5.aux) (./appa.aux))
Package atveryend Info: Executing hook `AtVeryEndDocument' on input line 60.
Package atveryend Info: Executing hook `AtEndAfterFileList' on input line 60.
Package rerunfilecheck Info: File `main.out' has not changed.
(rerunfilecheck)             Checksum: 4B5502A44BBD2B8A113C900F6F79F719;5416.
Package rerunfilecheck Info: File `main.brf' has not changed.
(rerunfilecheck)             Checksum: CC7E472D876A9DC2FFB6D940BBCE261B;10968.


LaTeX Warning: There were undefined references.


LaTeX Warning: There were multiply-defined labels.

Package atveryend Info: Empty hook `AtVeryVeryEnd' on input line 60.
 ) 
Here is how much of TeX's memory you used:
 12997 strings out of 493089
 201362 string characters out of 6134841
 265607 words of memory out of 5000000
 15655 multiletter control sequences out of 15000+600000
 506985 words of font info for 213 fonts, out of 8000000 for 9000
 1141 hyphenation exceptions out of 8191
 38i,14n,60p,1707b,691s stack positions out of 5000i,500n,10000p,200000b,80000s
{/Users/Maxime/Library/texmf/fonts/enc/dvips/MinionPro/base-MinionPro-ab.enc}
{/Users/Maxime/Library/texmf/fonts/enc/dvips/MinionPro/base-MinionPro-ad.enc}{/
Users/Maxime/Library/texmf/fonts/enc/dvips/MnSymbol/MnSymbolD.enc}{/Users/Maxim
e/Library/texmf/fonts/enc/dvips/MnSymbol/MnSymbolF.enc}{/Users/Maxime/Library/t
exmf/fonts/enc/dvips/MnSymbol/MnSymbolC.enc}{/Users/Maxime/Library/texmf/fonts/
enc/dvips/MnSymbol/MnSymbolE.enc}{/Users/Maxime/Library/texmf/fonts/enc/dvips/M
inionPro/base-MinionPro-aa.enc}{/Users/Maxime/Library/texmf/fonts/enc/dvips/Min
ionPro/base-MinionPro-ae.enc}{/usr/local/texlive/2015/texmf-dist/fonts/enc/dvip
s/cm-super/cm-super-t1.enc}</Users/Maxime/Library/texmf/fonts/type1/adobe/Minio
nPro/MinionPro-Bold.pfb></Users/Maxime/Library/texmf/fonts/type1/adobe/MinionPr
o/MinionPro-BoldIt.pfb></Users/Maxime/Library/texmf/fonts/type1/adobe/MinionPro
/MinionPro-It.pfb></Users/Maxime/Library/texmf/fonts/type1/adobe/MinionPro/Mini
onPro-It.pfb></Users/Maxime/Library/texmf/fonts/type1/adobe/MinionPro/MinionPro
-Regular.pfb></Users/Maxime/Library/texmf/fonts/type1/public/MnSymbol/MnSymbol1
2.pfb></Users/Maxime/Library/texmf/fonts/type1/public/MnSymbol/MnSymbol6.pfb></
Users/Maxime/Library/texmf/fonts/type1/public/MnSymbol/MnSymbol8.pfb></usr/loca
l/texlive/2015/texmf-dist/fonts/type1/public/stix/STIXGeneral-Regular.pfb></usr
/local/texlive/2015/texmf-dist/fonts/type1/public/cm-super/sftt1000.pfb>
Output written on main.pdf (107 pages, 1537919 bytes).
PDF statistics:
 1804 PDF objects out of 2073 (max. 8388607)
 1600 compressed objects within 16 object streams
 382 named destinations out of 1000 (max. 500000)
 650 words of extra memory for PDF output out of 10000 (max. 10000000)

